2023.04.25 16:27:42 INFO  Started: Metals version 0.11.12 in workspace '/home/modaj/Workspace/Projects/DE_Sales_Data/spark_scripts' for client Visual Studio Code 1.77.3.
Apr 25, 2023 4:27:42 PM org.flywaydb.core.internal.license.VersionPrinter printVersionOnly
INFO: Flyway Community Edition 9.16.3 by Redgate
Apr 25, 2023 4:27:42 PM org.flywaydb.core.internal.license.VersionPrinter printVersion
INFO: See release notes here: https://rd.gt/416ObMi
Apr 25, 2023 4:27:42 PM org.flywaydb.core.internal.license.VersionPrinter printVersion
INFO: 
Apr 25, 2023 4:27:42 PM org.flywaydb.core.internal.database.base.BaseDatabaseType createDatabase
INFO: Database: jdbc:h2:file:/home/modaj/Workspace/Projects/DE_Sales_Data/spark_scripts/.metals/metals (H2 2.1)
Apr 25, 2023 4:27:42 PM org.flywaydb.core.internal.schemahistory.JdbcTableSchemaHistory allAppliedMigrations
INFO: Schema history table "PUBLIC"."flyway_schema_history" does not exist yet
Apr 25, 2023 4:27:42 PM org.flywaydb.core.internal.command.DbValidate validate
INFO: Successfully validated 4 migrations (execution time 00:00.015s)
Apr 25, 2023 4:27:42 PM org.flywaydb.core.internal.schemahistory.JdbcTableSchemaHistory create
INFO: Creating Schema History table "PUBLIC"."flyway_schema_history" ...
Apr 25, 2023 4:27:42 PM org.flywaydb.core.internal.command.DbMigrate migrateGroup
INFO: Current version of schema "PUBLIC": << Empty Schema >>
Apr 25, 2023 4:27:42 PM org.flywaydb.core.internal.command.DbMigrate doMigrateGroup
INFO: Migrating schema "PUBLIC" to version "1 - Create tables"
Apr 25, 2023 4:27:42 PM org.flywaydb.core.internal.command.DbMigrate doMigrateGroup
INFO: Migrating schema "PUBLIC" to version "2 - Server discovery"
Apr 25, 2023 4:27:42 PM org.flywaydb.core.internal.command.DbMigrate doMigrateGroup
INFO: Migrating schema "PUBLIC" to version "3 - Jar symbols"
Apr 25, 2023 4:27:42 PM org.flywaydb.core.internal.command.DbMigrate doMigrateGroup
INFO: Migrating schema "PUBLIC" to version "4 - Fingerprints"
Apr 25, 2023 4:27:42 PM org.flywaydb.core.internal.command.DbMigrate logSummary
INFO: Successfully applied 4 migrations to schema "PUBLIC", now at version v4 (execution time 00:00.047s)
2023.04.25 16:27:42 INFO  time: initialize in 0.49s
Apr 25, 2023 4:27:43 PM org.eclipse.lsp4j.jsonrpc.RemoteEndpoint handleCancellation
WARNING: Unmatched cancel notification for request id 1
2023.04.25 16:27:43 WARN  Build server is not auto-connectable.
2023.04.25 16:27:43 WARN  no build tool detected in workspace '/home/modaj/Workspace/Projects/DE_Sales_Data/spark_scripts'. The most common cause for this problem is that the editor was opened in the wrong working directory, for example if you use sbt then the workspace directory should contain build.sbt. 
2023.04.25 16:27:43 WARN  no build target for: /home/modaj/Workspace/Projects/DE_Sales_Data/spark_scripts/branch_sales_sl/src/main/scala/bs_sl.scala
2023.04.25 16:27:45 INFO  no build target found for /home/modaj/Workspace/Projects/DE_Sales_Data/spark_scripts/branch_sales_sl/src/main/scala/bs_sl.scala. Using presentation compiler with project's scala-library version: 3.2.2
2023.04.25 16:27:47 INFO  time: code lens generation in 3.66s
2023.04.25 16:30:34 WARN  no build target for: /home/modaj/Workspace/Projects/DE_Sales_Data/spark_scripts/order_history_dm/src/main/scala/oh_dm.scala
2023.04.25 16:31:31 WARN  no build target for: /home/modaj/Workspace/Projects/DE_Sales_Data/spark_scripts/timely_order_sales_sl/src/main/scala/tos_sl.scala
2023.04.25 16:31:57 WARN  no build target for: /home/modaj/Workspace/Projects/DE_Sales_Data/spark_scripts/timely_order_sales_sl/src/main/scala/tos_sl.scala
2023.04.25 16:32:37 WARN  no build target for: /home/modaj/Workspace/Projects/DE_Sales_Data/spark_scripts/branch_sales_sl/src/main/scala/bs_sl.scala
2023.04.25 16:32:52 WARN  no build target for: /home/modaj/Workspace/Projects/DE_Sales_Data/spark_scripts/branch_sales_sl/src/main/scala/bs_sl.scala
2023.04.25 16:32:52 WARN  no build target for: /home/modaj/Workspace/Projects/DE_Sales_Data/spark_scripts/branch_sales_sl/src/main/scala/bs_sl.scala
Exception in thread "pool-3-thread-1" java.lang.Error: java.lang.InterruptedException
	at java.util.concurrent.ThreadPoolExecutor.runWorker(ThreadPoolExecutor.java:1155)
	at java.util.concurrent.ThreadPoolExecutor$Worker.run(ThreadPoolExecutor.java:624)
	at java.lang.Thread.run(Thread.java:750)
Caused by: java.lang.InterruptedException
	at scala.meta.internal.metals.FutureCancelToken.checkCanceled(FutureCancelToken.scala:29)
	at scala.meta.internal.pc.CompilerAccess.onCompilerJobQueue$$anonfun$1(CompilerAccess.scala:195)
	at scala.meta.internal.pc.CompilerJobQueue$Job.run(CompilerJobQueue.scala:152)
	at java.util.concurrent.ThreadPoolExecutor.runWorker(ThreadPoolExecutor.java:1149)
	... 2 more
Exception in thread "pool-3-thread-2" java.lang.Error: java.lang.InterruptedException
	at java.util.concurrent.ThreadPoolExecutor.runWorker(ThreadPoolExecutor.java:1155)
	at java.util.concurrent.ThreadPoolExecutor$Worker.run(ThreadPoolExecutor.java:624)
	at java.lang.Thread.run(Thread.java:750)
Caused by: java.lang.InterruptedException
	at scala.meta.internal.metals.FutureCancelToken.checkCanceled(FutureCancelToken.scala:29)
	at scala.meta.internal.pc.CompilerAccess.onCompilerJobQueue$$anonfun$1(CompilerAccess.scala:195)
	at scala.meta.internal.pc.CompilerJobQueue$Job.run(CompilerJobQueue.scala:152)
	at java.util.concurrent.ThreadPoolExecutor.runWorker(ThreadPoolExecutor.java:1149)
	... 2 more
Exception in thread "pool-3-thread-3" java.lang.Error: java.lang.InterruptedException
	at java.util.concurrent.ThreadPoolExecutor.runWorker(ThreadPoolExecutor.java:1155)
	at java.util.concurrent.ThreadPoolExecutor$Worker.run(ThreadPoolExecutor.java:624)
	at java.lang.Thread.run(Thread.java:750)
Caused by: java.lang.InterruptedException
	at scala.meta.internal.metals.FutureCancelToken.checkCanceled(FutureCancelToken.scala:29)
	at scala.meta.internal.pc.CompilerAccess.onCompilerJobQueue$$anonfun$1(CompilerAccess.scala:195)
	at scala.meta.internal.pc.CompilerJobQueue$Job.run(CompilerJobQueue.scala:152)
	at java.util.concurrent.ThreadPoolExecutor.runWorker(ThreadPoolExecutor.java:1149)
	... 2 more
Exception in thread "pool-3-thread-4" java.lang.Error: java.lang.InterruptedException
	at java.util.concurrent.ThreadPoolExecutor.runWorker(ThreadPoolExecutor.java:1155)
	at java.util.concurrent.ThreadPoolExecutor$Worker.run(ThreadPoolExecutor.java:624)
	at java.lang.Thread.run(Thread.java:750)
Caused by: java.lang.InterruptedException
	at scala.meta.internal.metals.FutureCancelToken.checkCanceled(FutureCancelToken.scala:29)
	at scala.meta.internal.pc.CompilerAccess.onCompilerJobQueue$$anonfun$1(CompilerAccess.scala:195)
	at scala.meta.internal.pc.CompilerJobQueue$Job.run(CompilerJobQueue.scala:152)
	at java.util.concurrent.ThreadPoolExecutor.runWorker(ThreadPoolExecutor.java:1149)
	... 2 more
Exception in thread "pool-3-thread-5" java.lang.Error: java.lang.InterruptedException
	at java.util.concurrent.ThreadPoolExecutor.runWorker(ThreadPoolExecutor.java:1155)
	at java.util.concurrent.ThreadPoolExecutor$Worker.run(ThreadPoolExecutor.java:624)
	at java.lang.Thread.run(Thread.java:750)
Caused by: java.lang.InterruptedException
	at scala.meta.internal.metals.FutureCancelToken.checkCanceled(FutureCancelToken.scala:29)
	at scala.meta.internal.pc.CompilerAccess.onCompilerJobQueue$$anonfun$1(CompilerAccess.scala:195)
	at scala.meta.internal.pc.CompilerJobQueue$Job.run(CompilerJobQueue.scala:152)
	at java.util.concurrent.ThreadPoolExecutor.runWorker(ThreadPoolExecutor.java:1149)
	... 2 more
Apr 25, 2023 4:33:31 PM org.eclipse.lsp4j.jsonrpc.RemoteEndpoint handleCancellation
WARNING: Unmatched cancel notification for request id 422
2023.04.25 16:33:33 WARN  no build target for: /home/modaj/Workspace/Projects/DE_Sales_Data/spark_scripts/branch_sales_sl/src/main/scala/bs_sl.scala
2023.04.25 16:33:37 WARN  no build target for: /home/modaj/Workspace/Projects/DE_Sales_Data/spark_scripts/branch_sales_sl/src/main/scala/bs_sl.scala
2023.04.25 16:36:25 WARN  no build target for: /home/modaj/Workspace/Projects/DE_Sales_Data/spark_scripts/branch_sales_sl/src/main/scala/bs_sl.scala
2023.04.25 16:36:29 WARN  no build target for: /home/modaj/Workspace/Projects/DE_Sales_Data/spark_scripts/branch_sales_sl/src/main/scala/bs_sl.scala
2023.04.25 16:36:35 WARN  no build target for: /home/modaj/Workspace/Projects/DE_Sales_Data/spark_scripts/branch_sales_sl/src/main/scala/bs_sl.scala
2023.04.25 16:36:35 WARN  no build target for: /home/modaj/Workspace/Projects/DE_Sales_Data/spark_scripts/branch_sales_sl/src/main/scala/bs_sl.scala
2023.04.25 16:37:36 WARN  no build target for: /home/modaj/Workspace/Projects/DE_Sales_Data/spark_scripts/branch_sales_sl/src/main/scala/bs_sl.scala
2023.04.25 16:37:36 WARN  no build target for: /home/modaj/Workspace/Projects/DE_Sales_Data/spark_scripts/branch_sales_sl/src/main/scala/bs_sl.scala
2023.04.25 16:37:36 WARN  no build target for: /home/modaj/Workspace/Projects/DE_Sales_Data/spark_scripts/branch_sales_sl/src/main/scala/bs_sl.scala
2023.04.25 16:37:38 WARN  no build target for: /home/modaj/Workspace/Projects/DE_Sales_Data/spark_scripts/branch_sales_sl/src/main/scala/bs_sl.scala
2023.04.25 16:38:12 WARN  no build target for: /home/modaj/Workspace/Projects/DE_Sales_Data/spark_scripts/branch_sales_sl/src/main/scala/bs_sl.scala
2023.04.25 16:38:13 WARN  no build target for: /home/modaj/Workspace/Projects/DE_Sales_Data/spark_scripts/branch_sales_sl/src/main/scala/bs_sl.scala
2023.04.25 16:40:12 WARN  no build target for: /home/modaj/Workspace/Projects/DE_Sales_Data/spark_scripts/branch_sales_sl/src/main/scala/bs_sl.scala
2023.04.25 16:40:23 WARN  no build target for: /home/modaj/Workspace/Projects/DE_Sales_Data/spark_scripts/customer_preference_sales_sl/src/main/scala/cps_sl.scala
2023.04.25 16:44:32 WARN  no build target for: /home/modaj/Workspace/Projects/DE_Sales_Data/spark_scripts/product_performance_sl/src/main/scala/pp_sl.scala
2023.04.25 16:45:59 WARN  no build target for: /home/modaj/Workspace/Projects/DE_Sales_Data/spark_scripts/customer_preference_sales_sl/src/main/scala/cps_sl.scala
2023.04.25 16:45:59 WARN  no build target for: /home/modaj/Workspace/Projects/DE_Sales_Data/spark_scripts/customer_preference_sales_sl/src/main/scala/cps_sl.scala
2023.04.25 16:48:44 WARN  no build target for: /home/modaj/Workspace/Projects/DE_Sales_Data/spark_scripts/customer_preference_sales_sl/src/main/scala/cps_sl.scala
2023.04.25 16:48:47 WARN  no build target for: /home/modaj/Workspace/Projects/DE_Sales_Data/spark_scripts/customer_preference_sales_sl/src/main/scala/cps_sl.scala
2023.04.25 16:48:50 WARN  no build target for: /home/modaj/Workspace/Projects/DE_Sales_Data/spark_scripts/customer_preference_sales_sl/src/main/scala/cps_sl.scala
2023.04.25 16:56:39 INFO  Shutting down server
2023.04.25 16:56:39 INFO  shutting down Metals
2023.04.25 16:56:39 INFO  Exiting server
2023.04.25 17:07:06 INFO  Started: Metals version 0.11.12 in workspace '/home/modaj/Workspace/Projects/DE_Sales_Data/spark_scripts' for client Visual Studio Code 1.77.3.
Apr 25, 2023 5:07:06 PM org.flywaydb.core.internal.license.VersionPrinter printVersionOnly
INFO: Flyway Community Edition 9.16.3 by Redgate
Apr 25, 2023 5:07:06 PM org.flywaydb.core.internal.license.VersionPrinter printVersion
INFO: See release notes here: https://rd.gt/416ObMi
Apr 25, 2023 5:07:06 PM org.flywaydb.core.internal.license.VersionPrinter printVersion
INFO: 
Apr 25, 2023 5:07:06 PM org.flywaydb.core.internal.database.base.BaseDatabaseType createDatabase
INFO: Database: jdbc:h2:file:/home/modaj/Workspace/Projects/DE_Sales_Data/spark_scripts/.metals/metals (H2 2.1)
Apr 25, 2023 5:07:06 PM org.flywaydb.core.internal.command.DbValidate validate
INFO: Successfully validated 4 migrations (execution time 00:00.016s)
Apr 25, 2023 5:07:06 PM org.flywaydb.core.internal.command.DbMigrate migrateGroup
INFO: Current version of schema "PUBLIC": 4
Apr 25, 2023 5:07:06 PM org.flywaydb.core.internal.command.DbMigrate logSummary
INFO: Schema "PUBLIC" is up to date. No migration necessary.
2023.04.25 17:07:06 INFO  time: initialize in 0.41s
2023.04.25 17:07:07 WARN  Build server is not auto-connectable.
2023.04.25 17:07:07 WARN  no build tool detected in workspace '/home/modaj/Workspace/Projects/DE_Sales_Data/spark_scripts'. The most common cause for this problem is that the editor was opened in the wrong working directory, for example if you use sbt then the workspace directory should contain build.sbt. 
2023.04.25 17:07:07 WARN  no build target for: /home/modaj/Workspace/Projects/DE_Sales_Data/spark_scripts/customer_preference_sales_sl/src/main/scala/cps_sl.scala
2023.04.25 17:07:08 WARN  no build target for: /home/modaj/Workspace/Projects/DE_Sales_Data/spark_scripts/timely_order_sales_sl/src/main/scala/tos_sl.scala
2023.04.25 17:07:08 INFO  no build target found for /home/modaj/Workspace/Projects/DE_Sales_Data/spark_scripts/customer_preference_sales_sl/src/main/scala/cps_sl.scala. Using presentation compiler with project's scala-library version: 3.2.2
2023.04.25 17:07:09 INFO  time: code lens generation in 2.5s
2023.04.25 17:07:10 INFO  time: code lens generation in 1.29s
2023.04.25 17:07:12 WARN  no build target for: /home/modaj/Workspace/Projects/DE_Sales_Data/spark_scripts/timely_order_sales_sl/src/main/scala/tos_sl.scala
2023.04.25 17:25:21 INFO  Shutting down server
2023.04.25 17:25:21 INFO  shutting down Metals
2023.04.25 17:25:21 INFO  Exiting server
2023.04.25 19:08:55 INFO  Started: Metals version 0.11.12 in workspace '/home/modaj/Workspace/Projects/DE_Sales_Data/spark_scripts' for client Visual Studio Code 1.77.3.
Apr 25, 2023 7:08:56 PM org.flywaydb.core.internal.license.VersionPrinter printVersionOnly
INFO: Flyway Community Edition 9.16.3 by Redgate
Apr 25, 2023 7:08:56 PM org.flywaydb.core.internal.license.VersionPrinter printVersion
INFO: See release notes here: https://rd.gt/416ObMi
Apr 25, 2023 7:08:56 PM org.flywaydb.core.internal.license.VersionPrinter printVersion
INFO: 
Apr 25, 2023 7:08:56 PM org.flywaydb.core.internal.database.base.BaseDatabaseType createDatabase
INFO: Database: jdbc:h2:file:/home/modaj/Workspace/Projects/DE_Sales_Data/spark_scripts/.metals/metals (H2 2.1)
Apr 25, 2023 7:08:56 PM org.flywaydb.core.internal.command.DbValidate validate
INFO: Successfully validated 4 migrations (execution time 00:00.016s)
Apr 25, 2023 7:08:56 PM org.flywaydb.core.internal.command.DbMigrate migrateGroup
INFO: Current version of schema "PUBLIC": 4
Apr 25, 2023 7:08:56 PM org.flywaydb.core.internal.command.DbMigrate logSummary
INFO: Schema "PUBLIC" is up to date. No migration necessary.
2023.04.25 19:08:56 INFO  time: initialize in 0.42s
2023.04.25 19:08:57 WARN  Build server is not auto-connectable.
2023.04.25 19:08:57 WARN  no build tool detected in workspace '/home/modaj/Workspace/Projects/DE_Sales_Data/spark_scripts'. The most common cause for this problem is that the editor was opened in the wrong working directory, for example if you use sbt then the workspace directory should contain build.sbt. 
2023.04.25 19:08:57 WARN  no build target for: /home/modaj/Workspace/Projects/DE_Sales_Data/spark_scripts/product_performance_sl/src/main/scala/pp_sl.scala
2023.04.25 19:08:58 INFO  no build target found for /home/modaj/Workspace/Projects/DE_Sales_Data/spark_scripts/product_performance_sl/src/main/scala/pp_sl.scala. Using presentation compiler with project's scala-library version: 3.2.2
2023.04.25 19:08:59 INFO  time: code lens generation in 2.35s
2023.04.25 19:09:39 WARN  no build target for: /home/modaj/Workspace/Projects/DE_Sales_Data/spark_scripts/customer_preference_sales_sl/src/main/scala/cps_sl.scala
2023.04.25 19:09:49 WARN  no build target for: /home/modaj/Workspace/Projects/DE_Sales_Data/spark_scripts/product_performance_sl/src/main/scala/pp_sl.scala
2023.04.25 19:09:58 WARN  no build target for: /home/modaj/Workspace/Projects/DE_Sales_Data/spark_scripts/product_performance_sl/src/main/scala/pp_sl.scala
2023.04.25 19:10:08 WARN  no build target for: /home/modaj/Workspace/Projects/DE_Sales_Data/spark_scripts/timely_order_sales_sl/src/main/scala/tos_sl.scala
Apr 25, 2023 7:10:47 PM org.eclipse.lsp4j.jsonrpc.RemoteEndpoint handleCancellation
WARNING: Unmatched cancel notification for request id 219
2023.04.25 19:10:59 WARN  no build target for: /home/modaj/Workspace/Projects/DE_Sales_Data/spark_scripts/customer_preference_sales_sl/src/main/scala/cps_sl.scala
2023.04.25 19:11:33 WARN  no build target for: /home/modaj/Workspace/Projects/DE_Sales_Data/spark_scripts/product_performance_sl/src/main/scala/pp_sl.scala
2023.04.25 19:11:33 WARN  no build target for: /home/modaj/Workspace/Projects/DE_Sales_Data/spark_scripts/product_performance_sl/src/main/scala/pp_sl.scala
2023.04.25 19:11:34 WARN  no build target for: /home/modaj/Workspace/Projects/DE_Sales_Data/spark_scripts/product_performance_sl/src/main/scala/pp_sl.scala
Apr 25, 2023 7:11:34 PM org.eclipse.lsp4j.jsonrpc.RemoteEndpoint handleCancellation
WARNING: Unmatched cancel notification for request id 459
2023.04.25 19:11:34 WARN  no build target for: /home/modaj/Workspace/Projects/DE_Sales_Data/spark_scripts/product_performance_sl/src/main/scala/pp_sl.scala
2023.04.25 19:20:34 WARN  no build target for: /home/modaj/Workspace/Projects/DE_Sales_Data/spark_scripts/product_performance_sl/src/main/scala/pp_sl.scala
2023.04.25 19:20:34 WARN  no build target for: /home/modaj/Workspace/Projects/DE_Sales_Data/spark_scripts/product_performance_sl/src/main/scala/pp_sl.scala
Apr 25, 2023 7:20:34 PM org.eclipse.lsp4j.jsonrpc.RemoteEndpoint handleCancellation
WARNING: Unmatched cancel notification for request id 547
2023.04.25 19:22:18 WARN  no build target for: /home/modaj/Workspace/Projects/DE_Sales_Data/spark_scripts/product_performance_sl/src/main/scala/pp_sl.scala
2023.04.25 19:22:18 WARN  no build target for: /home/modaj/Workspace/Projects/DE_Sales_Data/spark_scripts/product_performance_sl/src/main/scala/pp_sl.scala
2023.04.25 19:22:18 WARN  no build target for: /home/modaj/Workspace/Projects/DE_Sales_Data/spark_scripts/product_performance_sl/src/main/scala/pp_sl.scala
2023.04.25 19:23:38 INFO  Shutting down server
2023.04.25 19:23:38 INFO  shutting down Metals
2023.04.25 19:23:38 INFO  Exiting server
